{"D:\\Developer\\ecommerce_api_app\\controllers\\category.controller.js": {"path":"D:\\Developer\\ecommerce_api_app\\controllers\\category.controller.js","statementMap":{"0":{"start":{"line":1,"column":22},"end":{"line":1,"column":61}},"1":{"start":{"line":2,"column":8},"end":{"line":2,"column":25}},"2":{"start":{"line":4,"column":18},"end":{"line":9,"column":1}},"3":{"start":{"line":10,"column":21},"end":{"line":23,"column":1}},"4":{"start":{"line":11,"column":19},"end":{"line":11,"column":57}},"5":{"start":{"line":12,"column":4},"end":{"line":12,"column":26}},"6":{"start":{"line":13,"column":4},"end":{"line":16,"column":5}},"7":{"start":{"line":14,"column":8},"end":{"line":14,"column":48}},"8":{"start":{"line":17,"column":3},"end":{"line":22,"column":6}},"9":{"start":{"line":25,"column":27},"end":{"line":46,"column":5}},"10":{"start":{"line":27,"column":8},"end":{"line":31,"column":9}},"11":{"start":{"line":28,"column":12},"end":{"line":28,"column":69}},"12":{"start":{"line":30,"column":10},"end":{"line":30,"column":50}},"13":{"start":{"line":32,"column":8},"end":{"line":39,"column":9}},"14":{"start":{"line":33,"column":12},"end":{"line":38,"column":14}},"15":{"start":{"line":40,"column":6},"end":{"line":45,"column":10}},"16":{"start":{"line":48,"column":26},"end":{"line":62,"column":5}},"17":{"start":{"line":49,"column":23},"end":{"line":49,"column":67}},"18":{"start":{"line":53,"column":8},"end":{"line":55,"column":9}},"19":{"start":{"line":54,"column":12},"end":{"line":54,"column":53}},"20":{"start":{"line":56,"column":6},"end":{"line":61,"column":10}},"21":{"start":{"line":64,"column":25},"end":{"line":80,"column":5}},"22":{"start":{"line":65,"column":23},"end":{"line":65,"column":75}},"23":{"start":{"line":66,"column":8},"end":{"line":69,"column":9}},"24":{"start":{"line":67,"column":12},"end":{"line":67,"column":64}},"25":{"start":{"line":68,"column":12},"end":{"line":68,"column":53}},"26":{"start":{"line":70,"column":8},"end":{"line":73,"column":9}},"27":{"start":{"line":71,"column":12},"end":{"line":71,"column":33}},"28":{"start":{"line":72,"column":12},"end":{"line":72,"column":53}},"29":{"start":{"line":74,"column":8},"end":{"line":79,"column":10}},"30":{"start":{"line":82,"column":26},"end":{"line":94,"column":5}},"31":{"start":{"line":83,"column":23},"end":{"line":83,"column":67}},"32":{"start":{"line":85,"column":8},"end":{"line":87,"column":9}},"33":{"start":{"line":86,"column":12},"end":{"line":86,"column":53}},"34":{"start":{"line":88,"column":8},"end":{"line":93,"column":10}},"35":{"start":{"line":96,"column":31},"end":{"line":108,"column":5}},"36":{"start":{"line":97,"column":23},"end":{"line":97,"column":81}},"37":{"start":{"line":98,"column":8},"end":{"line":100,"column":9}},"38":{"start":{"line":99,"column":12},"end":{"line":99,"column":53}},"39":{"start":{"line":101,"column":8},"end":{"line":106,"column":10}},"40":{"start":{"line":107,"column":4},"end":{"line":107,"column":11}},"41":{"start":{"line":119,"column":0},"end":{"line":126,"column":1}}},"fnMap":{"0":{"name":"(anonymous_0)","decl":{"start":{"line":10,"column":21},"end":{"line":10,"column":22}},"loc":{"start":{"line":10,"column":38},"end":{"line":23,"column":1}},"line":10},"1":{"name":"(anonymous_1)","decl":{"start":{"line":25,"column":27},"end":{"line":25,"column":28}},"loc":{"start":{"line":25,"column":44},"end":{"line":46,"column":5}},"line":25},"2":{"name":"(anonymous_2)","decl":{"start":{"line":48,"column":26},"end":{"line":48,"column":27}},"loc":{"start":{"line":48,"column":42},"end":{"line":62,"column":5}},"line":48},"3":{"name":"(anonymous_3)","decl":{"start":{"line":64,"column":25},"end":{"line":64,"column":26}},"loc":{"start":{"line":64,"column":41},"end":{"line":80,"column":5}},"line":64},"4":{"name":"(anonymous_4)","decl":{"start":{"line":82,"column":26},"end":{"line":82,"column":27}},"loc":{"start":{"line":82,"column":42},"end":{"line":94,"column":5}},"line":82},"5":{"name":"(anonymous_5)","decl":{"start":{"line":96,"column":31},"end":{"line":96,"column":32}},"loc":{"start":{"line":96,"column":52},"end":{"line":108,"column":5}},"line":96}},"branchMap":{"0":{"loc":{"start":{"line":13,"column":4},"end":{"line":16,"column":5}},"type":"if","locations":[{"start":{"line":13,"column":4},"end":{"line":16,"column":5}},{"start":{},"end":{}}],"line":13},"1":{"loc":{"start":{"line":27,"column":8},"end":{"line":31,"column":9}},"type":"if","locations":[{"start":{"line":27,"column":8},"end":{"line":31,"column":9}},{"start":{"line":29,"column":13},"end":{"line":31,"column":9}}],"line":27},"2":{"loc":{"start":{"line":32,"column":8},"end":{"line":39,"column":9}},"type":"if","locations":[{"start":{"line":32,"column":8},"end":{"line":39,"column":9}},{"start":{},"end":{}}],"line":32},"3":{"loc":{"start":{"line":53,"column":8},"end":{"line":55,"column":9}},"type":"if","locations":[{"start":{"line":53,"column":8},"end":{"line":55,"column":9}},{"start":{},"end":{}}],"line":53},"4":{"loc":{"start":{"line":66,"column":8},"end":{"line":69,"column":9}},"type":"if","locations":[{"start":{"line":66,"column":8},"end":{"line":69,"column":9}},{"start":{},"end":{}}],"line":66},"5":{"loc":{"start":{"line":66,"column":11},"end":{"line":66,"column":58}},"type":"binary-expr","locations":[{"start":{"line":66,"column":11},"end":{"line":66,"column":30}},{"start":{"line":66,"column":34},"end":{"line":66,"column":58}}],"line":66},"6":{"loc":{"start":{"line":70,"column":8},"end":{"line":73,"column":9}},"type":"if","locations":[{"start":{"line":70,"column":8},"end":{"line":73,"column":9}},{"start":{},"end":{}}],"line":70},"7":{"loc":{"start":{"line":85,"column":8},"end":{"line":87,"column":9}},"type":"if","locations":[{"start":{"line":85,"column":8},"end":{"line":87,"column":9}},{"start":{},"end":{}}],"line":85},"8":{"loc":{"start":{"line":98,"column":8},"end":{"line":100,"column":9}},"type":"if","locations":[{"start":{"line":98,"column":8},"end":{"line":100,"column":9}},{"start":{},"end":{}}],"line":98}},"s":{"0":1,"1":1,"2":1,"3":1,"4":2,"5":2,"6":2,"7":1,"8":1,"9":1,"10":1,"11":1,"12":0,"13":1,"14":0,"15":1,"16":1,"17":2,"18":2,"19":1,"20":1,"21":1,"22":2,"23":2,"24":1,"25":1,"26":1,"27":1,"28":1,"29":0,"30":1,"31":2,"32":2,"33":1,"34":1,"35":1,"36":2,"37":2,"38":1,"39":1,"40":0,"41":1},"f":{"0":2,"1":1,"2":2,"3":2,"4":2,"5":2},"b":{"0":[1,1],"1":[1,0],"2":[0,1],"3":[1,1],"4":[1,1],"5":[2,2],"6":[1,0],"7":[1,1],"8":[1,1]},"_coverageSchema":"1a1c01bbd47fc00a2c39e90264f33305004495a9","hash":"a4854d42a58fa797009e0ce9fe23ac925fb2ea89"}
,"D:\\Developer\\ecommerce_api_app\\models\\cart.js": {"path":"D:\\Developer\\ecommerce_api_app\\models\\cart.js","statementMap":{"0":{"start":{"line":4,"column":4},"end":{"line":4,"column":24}},"1":{"start":{"line":5,"column":0},"end":{"line":36,"column":2}},"2":{"start":{"line":14,"column":6},"end":{"line":16,"column":9}},"3":{"start":{"line":17,"column":6},"end":{"line":22,"column":8}},"4":{"start":{"line":26,"column":2},"end":{"line":34,"column":5}},"5":{"start":{"line":35,"column":2},"end":{"line":35,"column":14}}},"fnMap":{"0":{"name":"(anonymous_0)","decl":{"start":{"line":5,"column":17},"end":{"line":5,"column":18}},"loc":{"start":{"line":5,"column":43},"end":{"line":36,"column":1}},"line":5},"1":{"name":"(anonymous_1)","decl":{"start":{"line":12,"column":4},"end":{"line":12,"column":5}},"loc":{"start":{"line":12,"column":29},"end":{"line":24,"column":5}},"line":12}},"branchMap":{},"s":{"0":2,"1":2,"2":2,"3":2,"4":2,"5":2},"f":{"0":2,"1":2},"b":{},"_coverageSchema":"1a1c01bbd47fc00a2c39e90264f33305004495a9","hash":"0510d5e9052e1a7e820f504e76c616ec6f14b518"}
,"D:\\Developer\\ecommerce_api_app\\models\\cart_products.js": {"path":"D:\\Developer\\ecommerce_api_app\\models\\cart_products.js","statementMap":{"0":{"start":{"line":4,"column":4},"end":{"line":4,"column":24}},"1":{"start":{"line":5,"column":0},"end":{"line":27,"column":2}},"2":{"start":{"line":16,"column":2},"end":{"line":25,"column":5}},"3":{"start":{"line":26,"column":2},"end":{"line":26,"column":23}}},"fnMap":{"0":{"name":"(anonymous_0)","decl":{"start":{"line":5,"column":17},"end":{"line":5,"column":18}},"loc":{"start":{"line":5,"column":43},"end":{"line":27,"column":1}},"line":5},"1":{"name":"(anonymous_1)","decl":{"start":{"line":12,"column":4},"end":{"line":12,"column":5}},"loc":{"start":{"line":12,"column":29},"end":{"line":14,"column":5}},"line":12}},"branchMap":{},"s":{"0":2,"1":2,"2":2,"3":2},"f":{"0":2,"1":2},"b":{},"_coverageSchema":"1a1c01bbd47fc00a2c39e90264f33305004495a9","hash":"637e10585b35de21b42962c4090713c453b6b748"}
,"D:\\Developer\\ecommerce_api_app\\models\\category.js": {"path":"D:\\Developer\\ecommerce_api_app\\models\\category.js","statementMap":{"0":{"start":{"line":4,"column":4},"end":{"line":4,"column":24}},"1":{"start":{"line":5,"column":0},"end":{"line":30,"column":2}},"2":{"start":{"line":14,"column":6},"end":{"line":16,"column":9}},"3":{"start":{"line":19,"column":2},"end":{"line":28,"column":5}},"4":{"start":{"line":29,"column":2},"end":{"line":29,"column":18}}},"fnMap":{"0":{"name":"(anonymous_0)","decl":{"start":{"line":5,"column":17},"end":{"line":5,"column":18}},"loc":{"start":{"line":5,"column":43},"end":{"line":30,"column":1}},"line":5},"1":{"name":"(anonymous_1)","decl":{"start":{"line":12,"column":4},"end":{"line":12,"column":5}},"loc":{"start":{"line":12,"column":29},"end":{"line":17,"column":5}},"line":12}},"branchMap":{},"s":{"0":2,"1":2,"2":2,"3":2,"4":2},"f":{"0":2,"1":2},"b":{},"_coverageSchema":"1a1c01bbd47fc00a2c39e90264f33305004495a9","hash":"e79a31af17d1eeff2496db28a0da73336a0028c0"}
,"D:\\Developer\\ecommerce_api_app\\models\\index.js": {"path":"D:\\Developer\\ecommerce_api_app\\models\\index.js","statementMap":{"0":{"start":{"line":3,"column":11},"end":{"line":3,"column":24}},"1":{"start":{"line":4,"column":13},"end":{"line":4,"column":28}},"2":{"start":{"line":5,"column":18},"end":{"line":5,"column":38}},"3":{"start":{"line":6,"column":16},"end":{"line":6,"column":34}},"4":{"start":{"line":7,"column":17},"end":{"line":7,"column":42}},"5":{"start":{"line":8,"column":12},"end":{"line":8,"column":49}},"6":{"start":{"line":9,"column":15},"end":{"line":9,"column":65}},"7":{"start":{"line":10,"column":11},"end":{"line":10,"column":13}},"8":{"start":{"line":13,"column":0},"end":{"line":17,"column":1}},"9":{"start":{"line":14,"column":2},"end":{"line":14,"column":74}},"10":{"start":{"line":16,"column":2},"end":{"line":16,"column":87}},"11":{"start":{"line":19,"column":0},"end":{"line":32,"column":5}},"12":{"start":{"line":22,"column":4},"end":{"line":27,"column":6}},"13":{"start":{"line":30,"column":18},"end":{"line":30,"column":85}},"14":{"start":{"line":31,"column":4},"end":{"line":31,"column":27}},"15":{"start":{"line":34,"column":0},"end":{"line":38,"column":3}},"16":{"start":{"line":35,"column":2},"end":{"line":37,"column":3}},"17":{"start":{"line":36,"column":4},"end":{"line":36,"column":32}},"18":{"start":{"line":40,"column":0},"end":{"line":40,"column":25}},"19":{"start":{"line":41,"column":0},"end":{"line":41,"column":25}},"20":{"start":{"line":43,"column":0},"end":{"line":43,"column":20}}},"fnMap":{"0":{"name":"(anonymous_0)","decl":{"start":{"line":21,"column":10},"end":{"line":21,"column":11}},"loc":{"start":{"line":21,"column":18},"end":{"line":28,"column":3}},"line":21},"1":{"name":"(anonymous_1)","decl":{"start":{"line":29,"column":11},"end":{"line":29,"column":12}},"loc":{"start":{"line":29,"column":19},"end":{"line":32,"column":3}},"line":29},"2":{"name":"(anonymous_2)","decl":{"start":{"line":34,"column":24},"end":{"line":34,"column":25}},"loc":{"start":{"line":34,"column":37},"end":{"line":38,"column":1}},"line":34}},"branchMap":{"0":{"loc":{"start":{"line":8,"column":12},"end":{"line":8,"column":49}},"type":"binary-expr","locations":[{"start":{"line":8,"column":12},"end":{"line":8,"column":32}},{"start":{"line":8,"column":36},"end":{"line":8,"column":49}}],"line":8},"1":{"loc":{"start":{"line":13,"column":0},"end":{"line":17,"column":1}},"type":"if","locations":[{"start":{"line":13,"column":0},"end":{"line":17,"column":1}},{"start":{"line":15,"column":7},"end":{"line":17,"column":1}}],"line":13},"2":{"loc":{"start":{"line":23,"column":6},"end":{"line":26,"column":37}},"type":"binary-expr","locations":[{"start":{"line":23,"column":6},"end":{"line":23,"column":29}},{"start":{"line":24,"column":6},"end":{"line":24,"column":23}},{"start":{"line":25,"column":6},"end":{"line":25,"column":30}},{"start":{"line":26,"column":6},"end":{"line":26,"column":37}}],"line":23},"3":{"loc":{"start":{"line":35,"column":2},"end":{"line":37,"column":3}},"type":"if","locations":[{"start":{"line":35,"column":2},"end":{"line":37,"column":3}},{"start":{},"end":{}}],"line":35}},"s":{"0":2,"1":2,"2":2,"3":2,"4":2,"5":2,"6":2,"7":2,"8":2,"9":0,"10":2,"11":2,"12":14,"13":12,"14":12,"15":2,"16":12,"17":12,"18":2,"19":2,"20":2},"f":{"0":14,"1":12,"2":12},"b":{"0":[2,0],"1":[0,2],"2":[14,14,12,12],"3":[12,0]},"_coverageSchema":"1a1c01bbd47fc00a2c39e90264f33305004495a9","hash":"aae1689567adb58e637a8eab91608d76e7ac5532"}
,"D:\\Developer\\ecommerce_api_app\\models\\product.js": {"path":"D:\\Developer\\ecommerce_api_app\\models\\product.js","statementMap":{"0":{"start":{"line":4,"column":4},"end":{"line":4,"column":24}},"1":{"start":{"line":5,"column":0},"end":{"line":37,"column":2}},"2":{"start":{"line":14,"column":6},"end":{"line":16,"column":9}},"3":{"start":{"line":17,"column":6},"end":{"line":21,"column":9}},"4":{"start":{"line":25,"column":2},"end":{"line":35,"column":5}},"5":{"start":{"line":36,"column":2},"end":{"line":36,"column":17}}},"fnMap":{"0":{"name":"(anonymous_0)","decl":{"start":{"line":5,"column":17},"end":{"line":5,"column":18}},"loc":{"start":{"line":5,"column":43},"end":{"line":37,"column":1}},"line":5},"1":{"name":"(anonymous_1)","decl":{"start":{"line":12,"column":4},"end":{"line":12,"column":5}},"loc":{"start":{"line":12,"column":29},"end":{"line":23,"column":5}},"line":12}},"branchMap":{},"s":{"0":2,"1":2,"2":2,"3":2,"4":2,"5":2},"f":{"0":2,"1":2},"b":{},"_coverageSchema":"1a1c01bbd47fc00a2c39e90264f33305004495a9","hash":"180eaa02ffe9fd0224c7ed2d71259164f95b4d09"}
,"D:\\Developer\\ecommerce_api_app\\models\\role.js": {"path":"D:\\Developer\\ecommerce_api_app\\models\\role.js","statementMap":{"0":{"start":{"line":4,"column":4},"end":{"line":4,"column":24}},"1":{"start":{"line":5,"column":0},"end":{"line":32,"column":2}},"2":{"start":{"line":14,"column":6},"end":{"line":18,"column":8}},"3":{"start":{"line":21,"column":2},"end":{"line":30,"column":5}},"4":{"start":{"line":31,"column":2},"end":{"line":31,"column":14}}},"fnMap":{"0":{"name":"(anonymous_0)","decl":{"start":{"line":5,"column":17},"end":{"line":5,"column":18}},"loc":{"start":{"line":5,"column":43},"end":{"line":32,"column":1}},"line":5},"1":{"name":"(anonymous_1)","decl":{"start":{"line":12,"column":4},"end":{"line":12,"column":5}},"loc":{"start":{"line":12,"column":29},"end":{"line":19,"column":5}},"line":12}},"branchMap":{},"s":{"0":2,"1":2,"2":2,"3":2,"4":2},"f":{"0":2,"1":2},"b":{},"_coverageSchema":"1a1c01bbd47fc00a2c39e90264f33305004495a9","hash":"b8235e2089372dc6e7ec75851bac39c7d9e063b6"}
,"D:\\Developer\\ecommerce_api_app\\models\\user.js": {"path":"D:\\Developer\\ecommerce_api_app\\models\\user.js","statementMap":{"0":{"start":{"line":4,"column":4},"end":{"line":4,"column":24}},"1":{"start":{"line":5,"column":13},"end":{"line":5,"column":30}},"2":{"start":{"line":6,"column":0},"end":{"line":55,"column":2}},"3":{"start":{"line":15,"column":6},"end":{"line":19,"column":9}},"4":{"start":{"line":21,"column":6},"end":{"line":23,"column":8}},"5":{"start":{"line":26,"column":2},"end":{"line":44,"column":5}},"6":{"start":{"line":46,"column":2},"end":{"line":53,"column":5}},"7":{"start":{"line":47,"column":23},"end":{"line":47,"column":87}},"8":{"start":{"line":48,"column":0},"end":{"line":48,"column":31}},"9":{"start":{"line":54,"column":2},"end":{"line":54,"column":14}}},"fnMap":{"0":{"name":"(anonymous_0)","decl":{"start":{"line":6,"column":17},"end":{"line":6,"column":18}},"loc":{"start":{"line":6,"column":43},"end":{"line":55,"column":1}},"line":6},"1":{"name":"(anonymous_1)","decl":{"start":{"line":13,"column":4},"end":{"line":13,"column":5}},"loc":{"start":{"line":13,"column":29},"end":{"line":24,"column":5}},"line":13},"2":{"name":"(anonymous_2)","decl":{"start":{"line":46,"column":20},"end":{"line":46,"column":21}},"loc":{"start":{"line":46,"column":33},"end":{"line":53,"column":3}},"line":46}},"branchMap":{},"s":{"0":2,"1":2,"2":2,"3":2,"4":2,"5":2,"6":2,"7":0,"8":0,"9":2},"f":{"0":2,"1":2,"2":0},"b":{},"_coverageSchema":"1a1c01bbd47fc00a2c39e90264f33305004495a9","hash":"7ce3aaac31f6f91565d8fd8911784b4f06476055"}
,"D:\\Developer\\ecommerce_api_app\\services\\category.service.js": {"path":"D:\\Developer\\ecommerce_api_app\\services\\category.service.js","statementMap":{"0":{"start":{"line":1,"column":25},"end":{"line":1,"column":51}},"1":{"start":{"line":2,"column":14},"end":{"line":15,"column":1}},"2":{"start":{"line":3,"column":4},"end":{"line":14,"column":5}},"3":{"start":{"line":4,"column":20},"end":{"line":7,"column":7}},"4":{"start":{"line":8,"column":5},"end":{"line":8,"column":21}},"5":{"start":{"line":10,"column":8},"end":{"line":10,"column":44}},"6":{"start":{"line":11,"column":8},"end":{"line":11,"column":25}},"7":{"start":{"line":17,"column":13},"end":{"line":26,"column":1}},"8":{"start":{"line":18,"column":4},"end":{"line":25,"column":5}},"9":{"start":{"line":19,"column":25},"end":{"line":19,"column":49}},"10":{"start":{"line":20,"column":8},"end":{"line":20,"column":25}},"11":{"start":{"line":23,"column":8},"end":{"line":23,"column":44}},"12":{"start":{"line":24,"column":8},"end":{"line":24,"column":25}},"13":{"start":{"line":28,"column":14},"end":{"line":37,"column":1}},"14":{"start":{"line":29,"column":4},"end":{"line":36,"column":5}},"15":{"start":{"line":30,"column":25},"end":{"line":30,"column":60}},"16":{"start":{"line":31,"column":8},"end":{"line":31,"column":26}},"17":{"start":{"line":34,"column":8},"end":{"line":34,"column":44}},"18":{"start":{"line":35,"column":8},"end":{"line":35,"column":25}},"19":{"start":{"line":39,"column":16},"end":{"line":52,"column":1}},"20":{"start":{"line":40,"column":4},"end":{"line":51,"column":5}},"21":{"start":{"line":41,"column":27},"end":{"line":45,"column":10}},"22":{"start":{"line":46,"column":8},"end":{"line":46,"column":27}},"23":{"start":{"line":48,"column":8},"end":{"line":48,"column":44}},"24":{"start":{"line":49,"column":8},"end":{"line":49,"column":25}},"25":{"start":{"line":54,"column":13},"end":{"line":68,"column":1}},"26":{"start":{"line":55,"column":4},"end":{"line":67,"column":5}},"27":{"start":{"line":56,"column":21},"end":{"line":56,"column":56}},"28":{"start":{"line":58,"column":6},"end":{"line":61,"column":7}},"29":{"start":{"line":59,"column":8},"end":{"line":59,"column":50}},"30":{"start":{"line":60,"column":8},"end":{"line":60,"column":17}},"31":{"start":{"line":62,"column":6},"end":{"line":62,"column":34}},"32":{"start":{"line":63,"column":6},"end":{"line":63,"column":22}},"33":{"start":{"line":65,"column":8},"end":{"line":65,"column":43}},"34":{"start":{"line":70,"column":14},"end":{"line":80,"column":1}},"35":{"start":{"line":71,"column":4},"end":{"line":79,"column":5}},"36":{"start":{"line":72,"column":23},"end":{"line":72,"column":58}},"37":{"start":{"line":73,"column":8},"end":{"line":73,"column":33}},"38":{"start":{"line":74,"column":8},"end":{"line":74,"column":20}},"39":{"start":{"line":77,"column":8},"end":{"line":77,"column":44}},"40":{"start":{"line":78,"column":8},"end":{"line":78,"column":25}},"41":{"start":{"line":82,"column":18},"end":{"line":97,"column":1}},"42":{"start":{"line":83,"column":4},"end":{"line":96,"column":5}},"43":{"start":{"line":84,"column":24},"end":{"line":90,"column":10}},"44":{"start":{"line":91,"column":8},"end":{"line":91,"column":24}},"45":{"start":{"line":94,"column":8},"end":{"line":94,"column":44}},"46":{"start":{"line":95,"column":8},"end":{"line":95,"column":25}},"47":{"start":{"line":104,"column":0},"end":{"line":112,"column":1}}},"fnMap":{"0":{"name":"(anonymous_0)","decl":{"start":{"line":2,"column":14},"end":{"line":2,"column":15}},"loc":{"start":{"line":2,"column":28},"end":{"line":15,"column":1}},"line":2},"1":{"name":"(anonymous_1)","decl":{"start":{"line":17,"column":13},"end":{"line":17,"column":14}},"loc":{"start":{"line":17,"column":22},"end":{"line":26,"column":1}},"line":17},"2":{"name":"(anonymous_2)","decl":{"start":{"line":28,"column":14},"end":{"line":28,"column":15}},"loc":{"start":{"line":28,"column":33},"end":{"line":37,"column":1}},"line":28},"3":{"name":"(anonymous_3)","decl":{"start":{"line":39,"column":16},"end":{"line":39,"column":17}},"loc":{"start":{"line":39,"column":37},"end":{"line":52,"column":1}},"line":39},"4":{"name":"(anonymous_4)","decl":{"start":{"line":54,"column":13},"end":{"line":54,"column":14}},"loc":{"start":{"line":54,"column":37},"end":{"line":68,"column":1}},"line":54},"5":{"name":"(anonymous_5)","decl":{"start":{"line":70,"column":14},"end":{"line":70,"column":15}},"loc":{"start":{"line":70,"column":33},"end":{"line":80,"column":1}},"line":70},"6":{"name":"(anonymous_6)","decl":{"start":{"line":82,"column":18},"end":{"line":82,"column":19}},"loc":{"start":{"line":82,"column":43},"end":{"line":97,"column":1}},"line":82}},"branchMap":{"0":{"loc":{"start":{"line":58,"column":6},"end":{"line":61,"column":7}},"type":"if","locations":[{"start":{"line":58,"column":6},"end":{"line":61,"column":7}},{"start":{},"end":{}}],"line":58}},"s":{"0":2,"1":2,"2":1,"3":1,"4":1,"5":0,"6":0,"7":2,"8":1,"9":1,"10":1,"11":0,"12":0,"13":2,"14":1,"15":1,"16":1,"17":0,"18":0,"19":2,"20":0,"21":0,"22":0,"23":0,"24":0,"25":2,"26":2,"27":2,"28":2,"29":1,"30":1,"31":1,"32":1,"33":0,"34":2,"35":0,"36":0,"37":0,"38":0,"39":0,"40":0,"41":2,"42":0,"43":0,"44":0,"45":0,"46":0,"47":2},"f":{"0":1,"1":1,"2":1,"3":0,"4":2,"5":0,"6":0},"b":{"0":[1,1]},"_coverageSchema":"1a1c01bbd47fc00a2c39e90264f33305004495a9","hash":"171a154f5e16d7a380179553879c40209ad80284"}
,"D:\\Developer\\ecommerce_api_app\\tests\\controllers\\mocker.js": {"path":"D:\\Developer\\ecommerce_api_app\\tests\\controllers\\mocker.js","statementMap":{"0":{"start":{"line":2,"column":14},"end":{"line":2,"column":16}},"1":{"start":{"line":3,"column":4},"end":{"line":3,"column":44}},"2":{"start":{"line":4,"column":4},"end":{"line":4,"column":46}},"3":{"start":{"line":5,"column":4},"end":{"line":5,"column":46}},"4":{"start":{"line":6,"column":4},"end":{"line":6,"column":15}},"5":{"start":{"line":11,"column":14},"end":{"line":11,"column":16}},"6":{"start":{"line":12,"column":4},"end":{"line":12,"column":44}},"7":{"start":{"line":13,"column":4},"end":{"line":13,"column":46}},"8":{"start":{"line":14,"column":4},"end":{"line":14,"column":44}},"9":{"start":{"line":21,"column":0},"end":{"line":24,"column":1}}},"fnMap":{"0":{"name":"mockRequest","decl":{"start":{"line":1,"column":9},"end":{"line":1,"column":20}},"loc":{"start":{"line":1,"column":22},"end":{"line":7,"column":4}},"line":1},"1":{"name":"mockResponce","decl":{"start":{"line":10,"column":12},"end":{"line":10,"column":24}},"loc":{"start":{"line":10,"column":26},"end":{"line":15,"column":4}},"line":10}},"branchMap":{},"s":{"0":13,"1":13,"2":13,"3":13,"4":13,"5":13,"6":13,"7":13,"8":13,"9":1},"f":{"0":13,"1":13},"b":{},"_coverageSchema":"1a1c01bbd47fc00a2c39e90264f33305004495a9","hash":"461ec9e5ab4c4ced306da78627d35583b1ddaadf"}
}
