TN:
SF:controllers\category.controller.js
FN:10,(anonymous_0)
FN:25,(anonymous_1)
FN:48,(anonymous_2)
FN:64,(anonymous_3)
FN:82,(anonymous_4)
FN:96,(anonymous_5)
FNF:6
FNH:6
FNDA:2,(anonymous_0)
FNDA:1,(anonymous_1)
FNDA:2,(anonymous_2)
FNDA:2,(anonymous_3)
FNDA:2,(anonymous_4)
FNDA:2,(anonymous_5)
DA:1,1
DA:2,1
DA:4,1
DA:10,1
DA:11,2
DA:12,2
DA:13,2
DA:14,1
DA:17,1
DA:25,1
DA:27,1
DA:28,1
DA:30,0
DA:32,1
DA:33,0
DA:40,1
DA:48,1
DA:49,2
DA:53,2
DA:54,1
DA:56,1
DA:64,1
DA:65,2
DA:66,2
DA:67,1
DA:68,1
DA:70,1
DA:71,1
DA:72,1
DA:74,0
DA:82,1
DA:83,2
DA:85,2
DA:86,1
DA:88,1
DA:96,1
DA:97,2
DA:98,2
DA:99,1
DA:101,1
DA:107,0
DA:119,1
LF:42
LH:38
BRDA:13,0,0,1
BRDA:13,0,1,1
BRDA:27,1,0,1
BRDA:27,1,1,0
BRDA:32,2,0,0
BRDA:32,2,1,1
BRDA:53,3,0,1
BRDA:53,3,1,1
BRDA:66,4,0,1
BRDA:66,4,1,1
BRDA:66,5,0,2
BRDA:66,5,1,2
BRDA:70,6,0,1
BRDA:70,6,1,0
BRDA:85,7,0,1
BRDA:85,7,1,1
BRDA:98,8,0,1
BRDA:98,8,1,1
BRF:18
BRH:15
end_of_record
TN:
SF:models\cart.js
FN:5,(anonymous_0)
FN:12,(anonymous_1)
FNF:2
FNH:2
FNDA:2,(anonymous_0)
FNDA:2,(anonymous_1)
DA:4,2
DA:5,2
DA:14,2
DA:17,2
DA:26,2
DA:35,2
LF:6
LH:6
BRF:0
BRH:0
end_of_record
TN:
SF:models\cart_products.js
FN:5,(anonymous_0)
FN:12,(anonymous_1)
FNF:2
FNH:2
FNDA:2,(anonymous_0)
FNDA:2,(anonymous_1)
DA:4,2
DA:5,2
DA:16,2
DA:26,2
LF:4
LH:4
BRF:0
BRH:0
end_of_record
TN:
SF:models\category.js
FN:5,(anonymous_0)
FN:12,(anonymous_1)
FNF:2
FNH:2
FNDA:2,(anonymous_0)
FNDA:2,(anonymous_1)
DA:4,2
DA:5,2
DA:14,2
DA:19,2
DA:29,2
LF:5
LH:5
BRF:0
BRH:0
end_of_record
TN:
SF:models\index.js
FN:21,(anonymous_0)
FN:29,(anonymous_1)
FN:34,(anonymous_2)
FNF:3
FNH:3
FNDA:14,(anonymous_0)
FNDA:12,(anonymous_1)
FNDA:12,(anonymous_2)
DA:3,2
DA:4,2
DA:5,2
DA:6,2
DA:7,2
DA:8,2
DA:9,2
DA:10,2
DA:13,2
DA:14,0
DA:16,2
DA:19,2
DA:22,14
DA:30,12
DA:31,12
DA:34,2
DA:35,12
DA:36,12
DA:40,2
DA:41,2
DA:43,2
LF:21
LH:20
BRDA:8,0,0,2
BRDA:8,0,1,0
BRDA:13,1,0,0
BRDA:13,1,1,2
BRDA:23,2,0,14
BRDA:23,2,1,14
BRDA:23,2,2,12
BRDA:23,2,3,12
BRDA:35,3,0,12
BRDA:35,3,1,0
BRF:10
BRH:7
end_of_record
TN:
SF:models\product.js
FN:5,(anonymous_0)
FN:12,(anonymous_1)
FNF:2
FNH:2
FNDA:2,(anonymous_0)
FNDA:2,(anonymous_1)
DA:4,2
DA:5,2
DA:14,2
DA:17,2
DA:25,2
DA:36,2
LF:6
LH:6
BRF:0
BRH:0
end_of_record
TN:
SF:models\role.js
FN:5,(anonymous_0)
FN:12,(anonymous_1)
FNF:2
FNH:2
FNDA:2,(anonymous_0)
FNDA:2,(anonymous_1)
DA:4,2
DA:5,2
DA:14,2
DA:21,2
DA:31,2
LF:5
LH:5
BRF:0
BRH:0
end_of_record
TN:
SF:models\user.js
FN:6,(anonymous_0)
FN:13,(anonymous_1)
FN:46,(anonymous_2)
FNF:3
FNH:2
FNDA:2,(anonymous_0)
FNDA:2,(anonymous_1)
FNDA:0,(anonymous_2)
DA:4,2
DA:5,2
DA:6,2
DA:15,2
DA:21,2
DA:26,2
DA:46,2
DA:47,0
DA:48,0
DA:54,2
LF:10
LH:8
BRF:0
BRH:0
end_of_record
TN:
SF:services\category.service.js
FN:2,(anonymous_0)
FN:17,(anonymous_1)
FN:28,(anonymous_2)
FN:39,(anonymous_3)
FN:54,(anonymous_4)
FN:70,(anonymous_5)
FN:82,(anonymous_6)
FNF:7
FNH:4
FNDA:1,(anonymous_0)
FNDA:1,(anonymous_1)
FNDA:1,(anonymous_2)
FNDA:0,(anonymous_3)
FNDA:2,(anonymous_4)
FNDA:0,(anonymous_5)
FNDA:0,(anonymous_6)
DA:1,2
DA:2,2
DA:3,1
DA:4,1
DA:8,1
DA:10,0
DA:11,0
DA:17,2
DA:18,1
DA:19,1
DA:20,1
DA:23,0
DA:24,0
DA:28,2
DA:29,1
DA:30,1
DA:31,1
DA:34,0
DA:35,0
DA:39,2
DA:40,0
DA:41,0
DA:46,0
DA:48,0
DA:49,0
DA:54,2
DA:55,2
DA:56,2
DA:58,2
DA:59,1
DA:60,1
DA:62,1
DA:63,1
DA:65,0
DA:70,2
DA:71,0
DA:72,0
DA:73,0
DA:74,0
DA:77,0
DA:78,0
DA:82,2
DA:83,0
DA:84,0
DA:91,0
DA:94,0
DA:95,0
DA:104,2
LF:48
LH:25
BRDA:58,0,0,1
BRDA:58,0,1,1
BRF:2
BRH:2
end_of_record
TN:
SF:tests\controllers\mocker.js
FN:1,mockRequest
FN:10,mockResponce
FNF:2
FNH:2
FNDA:13,mockRequest
FNDA:13,mockResponce
DA:2,13
DA:3,13
DA:4,13
DA:5,13
DA:6,13
DA:11,13
DA:12,13
DA:13,13
DA:14,13
DA:21,1
LF:10
LH:10
BRF:0
BRH:0
end_of_record
